INFO  [qtp2061543916-19] 2020-06-08 23:59:56,295 repast.simphony.ws.RepastWS - connected
INFO  [qtp2061543916-32] 2020-06-08 23:59:58,256 repast.simphony.ws.RepastWS - Server Received {"type":"cmd","value":"init_params","params":[{"name":"randomSeed","value":"1754070444"},{"name":"students","value":"3200"},{"name":"vehicleUsageRatio","value":"0.3"}]}
INFO  [Thread-15] 2020-06-08 23:59:58,448 repast.simphony.ws.RepastWS$MessageHandler - ./bin;./lib/*;C:\Users\david.romero\RepastSimphony-2.7\eclipse\plugins\org.codehaus.groovy_2.4.17.v201906292136-e1906-RELEASE\lib\../bin;C:\Users\david.romero\RepastSimphony-2.7\eclipse\plugins\org.codehaus.groovy_2.4.17.v201906292136-e1906-RELEASE\lib\../lib/*;C:\Users\david.romero\RepastSimphony-2.7\eclipse\plugins\repast.simphony.server_2.7.0\bin\..\..\libs.bsf_2.7.0/bin;C:\Users\david.romero\RepastSimphony-2.7\eclipse\plugins\repast.simphony.server_2.7.0\bin\..\..\libs.bsf_2.7.0/lib/*;C:\Users\david.romero\RepastSimphony-2.7\eclipse\plugins\repast.simphony.server_2.7.0\bin\..\..\libs.ext_2.7.0/bin;C:\Users\david.romero\RepastSimphony-2.7\eclipse\plugins\repast.simphony.server_2.7.0\bin\..\..\libs.ext_2.7.0/lib/*;C:\Users\david.romero\RepastSimphony-2.7\eclipse\plugins\repast.simphony.server_2.7.0\bin\..\..\libs.piccolo_2.7.0/bin;C:\Users\david.romero\RepastSimphony-2.7\eclipse\plugins\repast.simphony.server_2.7.0\bin\..\..\libs.piccolo_2.7.0/lib/*;C:\Users\david.romero\RepastSimphony-2.7\eclipse\plugins\repast.simphony.server_2.7.0\bin\..\..\org.codehaus.groovy_2.4.17.v201906292136-e1906-RELEASE/bin;C:\Users\david.romero\RepastSimphony-2.7\eclipse\plugins\repast.simphony.server_2.7.0\bin\..\..\org.codehaus.groovy_2.4.17.v201906292136-e1906-RELEASE/lib/*;C:\Users\david.romero\RepastSimphony-2.7\eclipse\plugins\repast.simphony.server_2.7.0\bin\..\..\repast.simphony.batch_2.7.0/bin;C:\Users\david.romero\RepastSimphony-2.7\eclipse\plugins\repast.simphony.server_2.7.0\bin\..\..\repast.simphony.batch_2.7.0/lib/*;C:\Users\david.romero\RepastSimphony-2.7\eclipse\plugins\repast.simphony.server_2.7.0\bin\..\..\repast.simphony.bin_and_src_2.7.0/bin;C:\Users\david.romero\RepastSimphony-2.7\eclipse\plugins\repast.simphony.server_2.7.0\bin\..\..\repast.simphony.bin_and_src_2.7.0/lib/*;C:\Users\david.romero\RepastSimphony-2.7\eclipse\plugins\repast.simphony.server_2.7.0\bin\..\..\repast.simphony.chart_2.7.0/bin;C:\Users\david.romero\RepastSimphony-2.7\eclipse\plugins\repast.simphony.server_2.7.0\bin\..\..\repast.simphony.chart_2.7.0/lib/*;C:\Users\david.romero\RepastSimphony-2.7\eclipse\plugins\repast.simphony.server_2.7.0\bin\..\..\repast.simphony.core_2.7.0/bin;C:\Users\david.romero\RepastSimphony-2.7\eclipse\plugins\repast.simphony.server_2.7.0\bin\..\..\repast.simphony.core_2.7.0/lib/*;C:\Users\david.romero\RepastSimphony-2.7\eclipse\plugins\repast.simphony.server_2.7.0\bin\..\..\repast.simphony.data.ui_2.7.0/bin;C:\Users\david.romero\RepastSimphony-2.7\eclipse\plugins\repast.simphony.server_2.7.0\bin\..\..\repast.simphony.data.ui_2.7.0/lib/*;C:\Users\david.romero\RepastSimphony-2.7\eclipse\plugins\repast.simphony.server_2.7.0\bin\..\..\repast.simphony.dataLoader.ui_2.7.0/bin;C:\Users\david.romero\RepastSimphony-2.7\eclipse\plugins\repast.simphony.server_2.7.0\bin\..\..\repast.simphony.dataLoader.ui_2.7.0/lib/*;C:\Users\david.romero\RepastSimphony-2.7\eclipse\plugins\repast.simphony.server_2.7.0\bin\..\..\repast.simphony.dataLoader_2.7.0/bin;C:\Users\david.romero\RepastSimphony-2.7\eclipse\plugins\repast.simphony.server_2.7.0\bin\..\..\repast.simphony.dataLoader_2.7.0/lib/*;C:\Users\david.romero\RepastSimphony-2.7\eclipse\plugins\repast.simphony.server_2.7.0\bin\..\..\repast.simphony.data_2.7.0/bin;C:\Users\david.romero\RepastSimphony-2.7\eclipse\plugins\repast.simphony.server_2.7.0\bin\..\..\repast.simphony.data_2.7.0/lib/*;C:\Users\david.romero\RepastSimphony-2.7\eclipse\plugins\repast.simphony.server_2.7.0\bin\..\..\repast.simphony.distributed.batch.ui_2.7.0/bin;C:\Users\david.romero\RepastSimphony-2.7\eclipse\plugins\repast.simphony.server_2.7.0\bin\..\..\repast.simphony.distributed.batch.ui_2.7.0/lib/*;C:\Users\david.romero\RepastSimphony-2.7\eclipse\plugins\repast.simphony.server_2.7.0\bin\..\..\repast.simphony.distributed.batch_2.7.0/bin;C:\Users\david.romero\RepastSimphony-2.7\eclipse\plugins\repast.simphony.server_2.7.0\bin\..\..\repast.simphony.distributed.batch_2.7.0/lib/*;C:\Users\david.romero\RepastSimphony-2.7\eclipse\plugins\repast.simphony.server_2.7.0\bin\..\..\repast.simphony.eclipse_2.7.0/bin;C:\Users\david.romero\RepastSimphony-2.7\eclipse\plugins\repast.simphony.server_2.7.0\bin\..\..\repast.simphony.eclipse_2.7.0/lib/*;C:\Users\david.romero\RepastSimphony-2.7\eclipse\plugins\repast.simphony.server_2.7.0\bin\..\..\repast.simphony.essentials_2.7.0/bin;C:\Users\david.romero\RepastSimphony-2.7\eclipse\plugins\repast.simphony.server_2.7.0\bin\..\..\repast.simphony.essentials_2.7.0/lib/*;C:\Users\david.romero\RepastSimphony-2.7\eclipse\plugins\repast.simphony.server_2.7.0\bin\..\..\repast.simphony.freezedry_2.7.0/bin;C:\Users\david.romero\RepastSimphony-2.7\eclipse\plugins\repast.simphony.server_2.7.0\bin\..\..\repast.simphony.freezedry_2.7.0/lib/*;C:\Users\david.romero\RepastSimphony-2.7\eclipse\plugins\repast.simphony.server_2.7.0\bin\..\..\repast.simphony.gis.visualization_2.7.0/bin;C:\Users\david.romero\RepastSimphony-2.7\eclipse\plugins\repast.simphony.server_2.7.0\bin\..\..\repast.simphony.gis.visualization_2.7.0/lib/*;C:\Users\david.romero\RepastSimphony-2.7\eclipse\plugins\repast.simphony.server_2.7.0\bin\..\..\repast.simphony.gis_2.7.0/bin;C:\Users\david.romero\RepastSimphony-2.7\eclipse\plugins\repast.simphony.server_2.7.0\bin\..\..\repast.simphony.gis_2.7.0/lib/*;C:\Users\david.romero\RepastSimphony-2.7\eclipse\plugins\repast.simphony.server_2.7.0\bin\..\..\repast.simphony.groovy_2.7.0/bin;C:\Users\david.romero\RepastSimphony-2.7\eclipse\plugins\repast.simphony.server_2.7.0\bin\..\..\repast.simphony.groovy_2.7.0/lib/*;C:\Users\david.romero\RepastSimphony-2.7\eclipse\plugins\repast.simphony.server_2.7.0\bin\..\..\repast.simphony.gui_2.7.0/bin;C:\Users\david.romero\RepastSimphony-2.7\eclipse\plugins\repast.simphony.server_2.7.0\bin\..\..\repast.simphony.gui_2.7.0/lib/*;C:\Users\david.romero\RepastSimphony-2.7\eclipse\plugins\repast.simphony.server_2.7.0\bin\..\..\repast.simphony.integration_2.7.0/bin;C:\Users\david.romero\RepastSimphony-2.7\eclipse\plugins\repast.simphony.server_2.7.0\bin\..\..\repast.simphony.integration_2.7.0/lib/*;C:\Users\david.romero\RepastSimphony-2.7\eclipse\plugins\repast.simphony.server_2.7.0\bin\..\..\repast.simphony.jasperreports_2.7.0/bin;C:\Users\david.romero\RepastSimphony-2.7\eclipse\plugins\repast.simphony.server_2.7.0\bin\..\..\repast.simphony.jasperreports_2.7.0/lib/*;C:\Users\david.romero\RepastSimphony-2.7\eclipse\plugins\repast.simphony.server_2.7.0\bin\..\..\repast.simphony.jdbcfreezedryer_2.7.0/bin;C:\Users\david.romero\RepastSimphony-2.7\eclipse\plugins\repast.simphony.server_2.7.0\bin\..\..\repast.simphony.jdbcfreezedryer_2.7.0/lib/*;C:\Users\david.romero\RepastSimphony-2.7\eclipse\plugins\repast.simphony.server_2.7.0\bin\..\..\repast.simphony.jung_2.7.0/bin;C:\Users\david.romero\RepastSimphony-2.7\eclipse\plugins\repast.simphony.server_2.7.0\bin\..\..\repast.simphony.jung_2.7.0/lib/*;C:\Users\david.romero\RepastSimphony-2.7\eclipse\plugins\repast.simphony.server_2.7.0\bin\..\..\repast.simphony.pajek_2.7.0/bin;C:\Users\david.romero\RepastSimphony-2.7\eclipse\plugins\repast.simphony.server_2.7.0\bin\..\..\repast.simphony.pajek_2.7.0/lib/*;C:\Users\david.romero\RepastSimphony-2.7\eclipse\plugins\repast.simphony.server_2.7.0\bin\..\..\repast.simphony.plugin.util_2.7.0/bin;C:\Users\david.romero\RepastSimphony-2.7\eclipse\plugins\repast.simphony.server_2.7.0\bin\..\..\repast.simphony.plugin.util_2.7.0/lib/*;C:\Users\david.romero\RepastSimphony-2.7\eclipse\plugins\repast.simphony.server_2.7.0\bin\..\..\repast.simphony.relogo.builder_2.7.0/bin;C:\Users\david.romero\RepastSimphony-2.7\eclipse\plugins\repast.simphony.server_2.7.0\bin\..\..\repast.simphony.relogo.builder_2.7.0/lib/*;C:\Users\david.romero\RepastSimphony-2.7\eclipse\plugins\repast.simphony.server_2.7.0\bin\..\..\repast.simphony.relogo.ide_2.7.0/bin;C:\Users\david.romero\RepastSimphony-2.7\eclipse\plugins\repast.simphony.server_2.7.0\bin\..\..\repast.simphony.relogo.ide_2.7.0/lib/*;C:\Users\david.romero\RepastSimphony-2.7\eclipse\plugins\repast.simphony.server_2.7.0\bin\..\..\repast.simphony.relogo.runtime_2.7.0/bin;C:\Users\david.romero\RepastSimphony-2.7\eclipse\plugins\repast.simphony.server_2.7.0\bin\..\..\repast.simphony.relogo.runtime_2.7.0/lib/*;C:\Users\david.romero\RepastSimphony-2.7\eclipse\plugins\repast.simphony.server_2.7.0\bin\..\..\repast.simphony.runtime_2.7.0/bin;C:\Users\david.romero\RepastSimphony-2.7\eclipse\plugins\repast.simphony.server_2.7.0\bin\..\..\repast.simphony.runtime_2.7.0/lib/*;C:\Users\david.romero\RepastSimphony-2.7\eclipse\plugins\repast.simphony.server_2.7.0\bin\..\..\repast.simphony.R_2.7.0/bin;C:\Users\david.romero\RepastSimphony-2.7\eclipse\plugins\repast.simphony.server_2.7.0\bin\..\..\repast.simphony.R_2.7.0/lib/*;C:\Users\david.romero\RepastSimphony-2.7\eclipse\plugins\repast.simphony.server_2.7.0\bin\..\..\repast.simphony.scenario_2.7.0/bin;C:\Users\david.romero\RepastSimphony-2.7\eclipse\plugins\repast.simphony.server_2.7.0\bin\..\..\repast.simphony.scenario_2.7.0/lib/*;C:\Users\david.romero\RepastSimphony-2.7\eclipse\plugins\repast.simphony.server_2.7.0\bin\..\..\repast.simphony.server_2.7.0/bin;C:\Users\david.romero\RepastSimphony-2.7\eclipse\plugins\repast.simphony.server_2.7.0\bin\..\..\repast.simphony.server_2.7.0/lib/*;C:\Users\david.romero\RepastSimphony-2.7\eclipse\plugins\repast.simphony.server_2.7.0\bin\..\..\repast.simphony.spreadsheet_2.7.0/bin;C:\Users\david.romero\RepastSimphony-2.7\eclipse\plugins\repast.simphony.server_2.7.0\bin\..\..\repast.simphony.spreadsheet_2.7.0/lib/*;C:\Users\david.romero\RepastSimphony-2.7\eclipse\plugins\repast.simphony.server_2.7.0\bin\..\..\repast.simphony.sql_2.7.0/bin;C:\Users\david.romero\RepastSimphony-2.7\eclipse\plugins\repast.simphony.server_2.7.0\bin\..\..\repast.simphony.sql_2.7.0/lib/*;C:\Users\david.romero\RepastSimphony-2.7\eclipse\plugins\repast.simphony.server_2.7.0\bin\..\..\repast.simphony.statecharts.diagram_2.7.0/bin;C:\Users\david.romero\RepastSimphony-2.7\eclipse\plugins\repast.simphony.server_2.7.0\bin\..\..\repast.simphony.statecharts.diagram_2.7.0/lib/*;C:\Users\david.romero\RepastSimphony-2.7\eclipse\plugins\repast.simphony.server_2.7.0\bin\..\..\repast.simphony.statecharts.edit_2.7.0/bin;C:\Users\david.romero\RepastSimphony-2.7\eclipse\plugins\repast.simphony.server_2.7.0\bin\..\..\repast.simphony.statecharts.edit_2.7.0/lib/*;C:\Users\david.romero\RepastSimphony-2.7\eclipse\plugins\repast.simphony.server_2.7.0\bin\..\..\repast.simphony.statecharts.generator_2.7.0/bin;C:\Users\david.romero\RepastSimphony-2.7\eclipse\plugins\repast.simphony.server_2.7.0\bin\..\..\repast.simphony.statecharts.generator_2.7.0/lib/*;C:\Users\david.romero\RepastSimphony-2.7\eclipse\plugins\repast.simphony.server_2.7.0\bin\..\..\repast.simphony.statecharts.model_2.7.0/bin;C:\Users\david.romero\RepastSimphony-2.7\eclipse\plugins\repast.simphony.server_2.7.0\bin\..\..\repast.simphony.statecharts.model_2.7.0/lib/*;C:\Users\david.romero\RepastSimphony-2.7\eclipse\plugins\repast.simphony.server_2.7.0\bin\..\..\repast.simphony.statecharts.visualization_2.7.0/bin;C:\Users\david.romero\RepastSimphony-2.7\eclipse\plugins\repast.simphony.server_2.7.0\bin\..\..\repast.simphony.statecharts.visualization_2.7.0/lib/*;C:\Users\david.romero\RepastSimphony-2.7\eclipse\plugins\repast.simphony.server_2.7.0\bin\..\..\repast.simphony.statecharts_2.7.0/bin;C:\Users\david.romero\RepastSimphony-2.7\eclipse\plugins\repast.simphony.server_2.7.0\bin\..\..\repast.simphony.statecharts_2.7.0/lib/*;C:\Users\david.romero\RepastSimphony-2.7\eclipse\plugins\repast.simphony.server_2.7.0\bin\..\..\repast.simphony.userpanel.ui_2.7.0/bin;C:\Users\david.romero\RepastSimphony-2.7\eclipse\plugins\repast.simphony.server_2.7.0\bin\..\..\repast.simphony.userpanel.ui_2.7.0/lib/*;C:\Users\david.romero\RepastSimphony-2.7\eclipse\plugins\repast.simphony.server_2.7.0\bin\..\..\repast.simphony.visualization_2.7.0/bin;C:\Users\david.romero\RepastSimphony-2.7\eclipse\plugins\repast.simphony.server_2.7.0\bin\..\..\repast.simphony.visualization_2.7.0/lib/*;C:\Users\david.romero\RepastSimphony-2.7\eclipse\plugins\repast.simphony.server_2.7.0\bin\..\..\repast.simphony.weka_2.7.0/bin;C:\Users\david.romero\RepastSimphony-2.7\eclipse\plugins\repast.simphony.server_2.7.0\bin\..\..\repast.simphony.weka_2.7.0/lib/*
INFO  [Thread-15] 2020-06-09 00:00:10,583 repast.simphony.ws.RepastWS$MessageHandler - Received Status: {"id": "status", "value": "ready"}
INFO  [pool-1-thread-1] 2020-06-09 00:00:10,593 repast.simphony.ws.OneRunRunner - ORR Received: {"params" : [{"name":"randomSeed","value":"1754070444"},{"name":"students","value":"3200"},{"name":"vehicleUsageRatio","value":"0.3"}]}
INFO  [qtp2061543916-19] 2020-06-09 00:00:11,233 repast.simphony.ws.RepastWS - Server Received {"type":"cmd","value":"init_run"}
INFO  [pool-1-thread-1] 2020-06-09 00:00:11,730 repast.simphony.ws.OneRunRunner - ORR Received: init
INFO  [pool-1-thread-1] 2020-06-09 00:00:11,823 repast.simphony.ws.ChartServerControllerAction - Run Initialize
INFO  [pool-1-thread-1] 2020-06-09 00:00:14,148 repast.simphony.ws.DisplayServerControllerAction - DisplayServerControllerAction.runInitialize()
INFO  [pool-1-thread-1] 2020-06-09 00:00:14,153 repast.simphony.ws.DisplayServerControllerAction - Initializing display : eafit - GIS 3D
INFO  [pool-1-thread-1] 2020-06-09 00:00:14,154 repast.simphony.ws.DisplayServerControllerAction - Found viz type in registry: GIS 3D
INFO  [pool-1-thread-1] 2020-06-09 00:00:14,234 repast.simphony.ws.DisplayServer - DisplayServerGIS.init()
INFO  [Thread-15] 2020-06-09 00:00:14,433 repast.simphony.ws.RepastWS$MessageHandler - Received Status: {"id": "status", "value": "initialized"}
INFO  [qtp2061543916-15] 2020-06-09 00:00:59,689 repast.simphony.ws.RepastWS - Server Received {"type":"cmd","value":"start"}
INFO  [pool-1-thread-1] 2020-06-09 00:00:59,995 repast.simphony.ws.OneRunRunner - ORR Received: start
INFO  [qtp2061543916-33] 2020-06-09 00:02:24,676 repast.simphony.ws.RepastWS - Server Received {"type":"cmd","value":"pause"}
INFO  [pool-1-thread-1] 2020-06-09 00:02:24,683 repast.simphony.ws.OneRunRunner - ORR Received: pause
INFO  [qtp2061543916-17] 2020-06-09 00:02:28,162 repast.simphony.ws.RepastWS - Server Received {"type":"cmd","value":"stop"}
INFO  [pool-1-thread-1] 2020-06-09 00:02:28,202 repast.simphony.ws.OneRunRunner - ORR Received: stop
INFO  [Thread-1] 2020-06-09 00:02:28,228 repast.simphony.ws.OneRunRunner - Model stopped callback triggered
INFO  [Thread-1] 2020-06-09 00:02:28,249 repast.simphony.ws.DisplayServer - Display Server Destroy
INFO  [Thread-15] 2020-06-09 00:02:28,258 repast.simphony.ws.RepastWS$MessageHandler - Received Status: {"id": "status", "value": "stopped"}
INFO  [qtp2061543916-33] 2020-06-09 00:02:32,911 repast.simphony.ws.RepastWS - Server Received {"type":"cmd","value":"quit"}
INFO  [qtp2061543916-33] 2020-06-09 00:02:32,911 repast.simphony.ws.RepastWS$MessageHandler - MessageHandler.stop
INFO  [pool-1-thread-1] 2020-06-09 00:02:32,912 repast.simphony.ws.OneRunRunner - ORR Received: stop
INFO  [pool-1-thread-1] 2020-06-09 00:02:32,912 repast.simphony.ws.OneRunRunner - ORR Received: shutdown
INFO  [pool-1-thread-1] 2020-06-09 00:02:32,912 repast.simphony.ws.OneRunRunner - Shutting down the Repast model runner
INFO  [main] 2020-06-09 00:02:32,913 repast.simphony.ws.OneRunRunner - MSG Handler Canceled -- probably via stop
INFO  [main] 2020-06-09 00:02:32,918 repast.simphony.ws.OneRunRunner - One Run Runner Cleaned Up
INFO  [Thread-15] 2020-06-09 00:02:33,271 repast.simphony.ws.RepastWS$MessageHandler - MessageHandler.run.finalize
INFO  [qtp2061543916-34] 2020-06-09 00:02:33,281 repast.simphony.ws.RepastWS - disconnect
INFO  [qtp2061543916-34] 2020-06-09 00:02:33,282 repast.simphony.ws.RepastWS$MessageHandler - MessageHandler.stop
INFO  [qtp2061543916-30] 2020-06-11 15:40:52,036 repast.simphony.ws.RepastWS - connected
INFO  [qtp2061543916-19] 2020-06-11 15:40:55,891 repast.simphony.ws.RepastWS - Server Received {"type":"cmd","value":"init_params","params":[{"name":"randomSeed","value":"1524814667"},{"name":"students","value":"3200"},{"name":"vehicleUsageRatio","value":"0.3"}]}
INFO  [Thread-14] 2020-06-11 15:40:56,230 repast.simphony.ws.RepastWS$MessageHandler - ./bin;./lib/*;C:\Users\david.romero\RepastSimphony-2.7\eclipse\plugins\org.codehaus.groovy_2.4.17.v201906292136-e1906-RELEASE\lib\../bin;C:\Users\david.romero\RepastSimphony-2.7\eclipse\plugins\org.codehaus.groovy_2.4.17.v201906292136-e1906-RELEASE\lib\../lib/*;C:\Users\david.romero\RepastSimphony-2.7\eclipse\plugins\repast.simphony.server_2.7.0\bin\..\..\libs.bsf_2.7.0/bin;C:\Users\david.romero\RepastSimphony-2.7\eclipse\plugins\repast.simphony.server_2.7.0\bin\..\..\libs.bsf_2.7.0/lib/*;C:\Users\david.romero\RepastSimphony-2.7\eclipse\plugins\repast.simphony.server_2.7.0\bin\..\..\libs.ext_2.7.0/bin;C:\Users\david.romero\RepastSimphony-2.7\eclipse\plugins\repast.simphony.server_2.7.0\bin\..\..\libs.ext_2.7.0/lib/*;C:\Users\david.romero\RepastSimphony-2.7\eclipse\plugins\repast.simphony.server_2.7.0\bin\..\..\libs.piccolo_2.7.0/bin;C:\Users\david.romero\RepastSimphony-2.7\eclipse\plugins\repast.simphony.server_2.7.0\bin\..\..\libs.piccolo_2.7.0/lib/*;C:\Users\david.romero\RepastSimphony-2.7\eclipse\plugins\repast.simphony.server_2.7.0\bin\..\..\org.codehaus.groovy_2.4.17.v201906292136-e1906-RELEASE/bin;C:\Users\david.romero\RepastSimphony-2.7\eclipse\plugins\repast.simphony.server_2.7.0\bin\..\..\org.codehaus.groovy_2.4.17.v201906292136-e1906-RELEASE/lib/*;C:\Users\david.romero\RepastSimphony-2.7\eclipse\plugins\repast.simphony.server_2.7.0\bin\..\..\repast.simphony.batch_2.7.0/bin;C:\Users\david.romero\RepastSimphony-2.7\eclipse\plugins\repast.simphony.server_2.7.0\bin\..\..\repast.simphony.batch_2.7.0/lib/*;C:\Users\david.romero\RepastSimphony-2.7\eclipse\plugins\repast.simphony.server_2.7.0\bin\..\..\repast.simphony.bin_and_src_2.7.0/bin;C:\Users\david.romero\RepastSimphony-2.7\eclipse\plugins\repast.simphony.server_2.7.0\bin\..\..\repast.simphony.bin_and_src_2.7.0/lib/*;C:\Users\david.romero\RepastSimphony-2.7\eclipse\plugins\repast.simphony.server_2.7.0\bin\..\..\repast.simphony.chart_2.7.0/bin;C:\Users\david.romero\RepastSimphony-2.7\eclipse\plugins\repast.simphony.server_2.7.0\bin\..\..\repast.simphony.chart_2.7.0/lib/*;C:\Users\david.romero\RepastSimphony-2.7\eclipse\plugins\repast.simphony.server_2.7.0\bin\..\..\repast.simphony.core_2.7.0/bin;C:\Users\david.romero\RepastSimphony-2.7\eclipse\plugins\repast.simphony.server_2.7.0\bin\..\..\repast.simphony.core_2.7.0/lib/*;C:\Users\david.romero\RepastSimphony-2.7\eclipse\plugins\repast.simphony.server_2.7.0\bin\..\..\repast.simphony.data.ui_2.7.0/bin;C:\Users\david.romero\RepastSimphony-2.7\eclipse\plugins\repast.simphony.server_2.7.0\bin\..\..\repast.simphony.data.ui_2.7.0/lib/*;C:\Users\david.romero\RepastSimphony-2.7\eclipse\plugins\repast.simphony.server_2.7.0\bin\..\..\repast.simphony.dataLoader.ui_2.7.0/bin;C:\Users\david.romero\RepastSimphony-2.7\eclipse\plugins\repast.simphony.server_2.7.0\bin\..\..\repast.simphony.dataLoader.ui_2.7.0/lib/*;C:\Users\david.romero\RepastSimphony-2.7\eclipse\plugins\repast.simphony.server_2.7.0\bin\..\..\repast.simphony.dataLoader_2.7.0/bin;C:\Users\david.romero\RepastSimphony-2.7\eclipse\plugins\repast.simphony.server_2.7.0\bin\..\..\repast.simphony.dataLoader_2.7.0/lib/*;C:\Users\david.romero\RepastSimphony-2.7\eclipse\plugins\repast.simphony.server_2.7.0\bin\..\..\repast.simphony.data_2.7.0/bin;C:\Users\david.romero\RepastSimphony-2.7\eclipse\plugins\repast.simphony.server_2.7.0\bin\..\..\repast.simphony.data_2.7.0/lib/*;C:\Users\david.romero\RepastSimphony-2.7\eclipse\plugins\repast.simphony.server_2.7.0\bin\..\..\repast.simphony.distributed.batch.ui_2.7.0/bin;C:\Users\david.romero\RepastSimphony-2.7\eclipse\plugins\repast.simphony.server_2.7.0\bin\..\..\repast.simphony.distributed.batch.ui_2.7.0/lib/*;C:\Users\david.romero\RepastSimphony-2.7\eclipse\plugins\repast.simphony.server_2.7.0\bin\..\..\repast.simphony.distributed.batch_2.7.0/bin;C:\Users\david.romero\RepastSimphony-2.7\eclipse\plugins\repast.simphony.server_2.7.0\bin\..\..\repast.simphony.distributed.batch_2.7.0/lib/*;C:\Users\david.romero\RepastSimphony-2.7\eclipse\plugins\repast.simphony.server_2.7.0\bin\..\..\repast.simphony.eclipse_2.7.0/bin;C:\Users\david.romero\RepastSimphony-2.7\eclipse\plugins\repast.simphony.server_2.7.0\bin\..\..\repast.simphony.eclipse_2.7.0/lib/*;C:\Users\david.romero\RepastSimphony-2.7\eclipse\plugins\repast.simphony.server_2.7.0\bin\..\..\repast.simphony.essentials_2.7.0/bin;C:\Users\david.romero\RepastSimphony-2.7\eclipse\plugins\repast.simphony.server_2.7.0\bin\..\..\repast.simphony.essentials_2.7.0/lib/*;C:\Users\david.romero\RepastSimphony-2.7\eclipse\plugins\repast.simphony.server_2.7.0\bin\..\..\repast.simphony.freezedry_2.7.0/bin;C:\Users\david.romero\RepastSimphony-2.7\eclipse\plugins\repast.simphony.server_2.7.0\bin\..\..\repast.simphony.freezedry_2.7.0/lib/*;C:\Users\david.romero\RepastSimphony-2.7\eclipse\plugins\repast.simphony.server_2.7.0\bin\..\..\repast.simphony.gis.visualization_2.7.0/bin;C:\Users\david.romero\RepastSimphony-2.7\eclipse\plugins\repast.simphony.server_2.7.0\bin\..\..\repast.simphony.gis.visualization_2.7.0/lib/*;C:\Users\david.romero\RepastSimphony-2.7\eclipse\plugins\repast.simphony.server_2.7.0\bin\..\..\repast.simphony.gis_2.7.0/bin;C:\Users\david.romero\RepastSimphony-2.7\eclipse\plugins\repast.simphony.server_2.7.0\bin\..\..\repast.simphony.gis_2.7.0/lib/*;C:\Users\david.romero\RepastSimphony-2.7\eclipse\plugins\repast.simphony.server_2.7.0\bin\..\..\repast.simphony.groovy_2.7.0/bin;C:\Users\david.romero\RepastSimphony-2.7\eclipse\plugins\repast.simphony.server_2.7.0\bin\..\..\repast.simphony.groovy_2.7.0/lib/*;C:\Users\david.romero\RepastSimphony-2.7\eclipse\plugins\repast.simphony.server_2.7.0\bin\..\..\repast.simphony.gui_2.7.0/bin;C:\Users\david.romero\RepastSimphony-2.7\eclipse\plugins\repast.simphony.server_2.7.0\bin\..\..\repast.simphony.gui_2.7.0/lib/*;C:\Users\david.romero\RepastSimphony-2.7\eclipse\plugins\repast.simphony.server_2.7.0\bin\..\..\repast.simphony.integration_2.7.0/bin;C:\Users\david.romero\RepastSimphony-2.7\eclipse\plugins\repast.simphony.server_2.7.0\bin\..\..\repast.simphony.integration_2.7.0/lib/*;C:\Users\david.romero\RepastSimphony-2.7\eclipse\plugins\repast.simphony.server_2.7.0\bin\..\..\repast.simphony.jasperreports_2.7.0/bin;C:\Users\david.romero\RepastSimphony-2.7\eclipse\plugins\repast.simphony.server_2.7.0\bin\..\..\repast.simphony.jasperreports_2.7.0/lib/*;C:\Users\david.romero\RepastSimphony-2.7\eclipse\plugins\repast.simphony.server_2.7.0\bin\..\..\repast.simphony.jdbcfreezedryer_2.7.0/bin;C:\Users\david.romero\RepastSimphony-2.7\eclipse\plugins\repast.simphony.server_2.7.0\bin\..\..\repast.simphony.jdbcfreezedryer_2.7.0/lib/*;C:\Users\david.romero\RepastSimphony-2.7\eclipse\plugins\repast.simphony.server_2.7.0\bin\..\..\repast.simphony.jung_2.7.0/bin;C:\Users\david.romero\RepastSimphony-2.7\eclipse\plugins\repast.simphony.server_2.7.0\bin\..\..\repast.simphony.jung_2.7.0/lib/*;C:\Users\david.romero\RepastSimphony-2.7\eclipse\plugins\repast.simphony.server_2.7.0\bin\..\..\repast.simphony.pajek_2.7.0/bin;C:\Users\david.romero\RepastSimphony-2.7\eclipse\plugins\repast.simphony.server_2.7.0\bin\..\..\repast.simphony.pajek_2.7.0/lib/*;C:\Users\david.romero\RepastSimphony-2.7\eclipse\plugins\repast.simphony.server_2.7.0\bin\..\..\repast.simphony.plugin.util_2.7.0/bin;C:\Users\david.romero\RepastSimphony-2.7\eclipse\plugins\repast.simphony.server_2.7.0\bin\..\..\repast.simphony.plugin.util_2.7.0/lib/*;C:\Users\david.romero\RepastSimphony-2.7\eclipse\plugins\repast.simphony.server_2.7.0\bin\..\..\repast.simphony.relogo.builder_2.7.0/bin;C:\Users\david.romero\RepastSimphony-2.7\eclipse\plugins\repast.simphony.server_2.7.0\bin\..\..\repast.simphony.relogo.builder_2.7.0/lib/*;C:\Users\david.romero\RepastSimphony-2.7\eclipse\plugins\repast.simphony.server_2.7.0\bin\..\..\repast.simphony.relogo.ide_2.7.0/bin;C:\Users\david.romero\RepastSimphony-2.7\eclipse\plugins\repast.simphony.server_2.7.0\bin\..\..\repast.simphony.relogo.ide_2.7.0/lib/*;C:\Users\david.romero\RepastSimphony-2.7\eclipse\plugins\repast.simphony.server_2.7.0\bin\..\..\repast.simphony.relogo.runtime_2.7.0/bin;C:\Users\david.romero\RepastSimphony-2.7\eclipse\plugins\repast.simphony.server_2.7.0\bin\..\..\repast.simphony.relogo.runtime_2.7.0/lib/*;C:\Users\david.romero\RepastSimphony-2.7\eclipse\plugins\repast.simphony.server_2.7.0\bin\..\..\repast.simphony.runtime_2.7.0/bin;C:\Users\david.romero\RepastSimphony-2.7\eclipse\plugins\repast.simphony.server_2.7.0\bin\..\..\repast.simphony.runtime_2.7.0/lib/*;C:\Users\david.romero\RepastSimphony-2.7\eclipse\plugins\repast.simphony.server_2.7.0\bin\..\..\repast.simphony.R_2.7.0/bin;C:\Users\david.romero\RepastSimphony-2.7\eclipse\plugins\repast.simphony.server_2.7.0\bin\..\..\repast.simphony.R_2.7.0/lib/*;C:\Users\david.romero\RepastSimphony-2.7\eclipse\plugins\repast.simphony.server_2.7.0\bin\..\..\repast.simphony.scenario_2.7.0/bin;C:\Users\david.romero\RepastSimphony-2.7\eclipse\plugins\repast.simphony.server_2.7.0\bin\..\..\repast.simphony.scenario_2.7.0/lib/*;C:\Users\david.romero\RepastSimphony-2.7\eclipse\plugins\repast.simphony.server_2.7.0\bin\..\..\repast.simphony.server_2.7.0/bin;C:\Users\david.romero\RepastSimphony-2.7\eclipse\plugins\repast.simphony.server_2.7.0\bin\..\..\repast.simphony.server_2.7.0/lib/*;C:\Users\david.romero\RepastSimphony-2.7\eclipse\plugins\repast.simphony.server_2.7.0\bin\..\..\repast.simphony.spreadsheet_2.7.0/bin;C:\Users\david.romero\RepastSimphony-2.7\eclipse\plugins\repast.simphony.server_2.7.0\bin\..\..\repast.simphony.spreadsheet_2.7.0/lib/*;C:\Users\david.romero\RepastSimphony-2.7\eclipse\plugins\repast.simphony.server_2.7.0\bin\..\..\repast.simphony.sql_2.7.0/bin;C:\Users\david.romero\RepastSimphony-2.7\eclipse\plugins\repast.simphony.server_2.7.0\bin\..\..\repast.simphony.sql_2.7.0/lib/*;C:\Users\david.romero\RepastSimphony-2.7\eclipse\plugins\repast.simphony.server_2.7.0\bin\..\..\repast.simphony.statecharts.diagram_2.7.0/bin;C:\Users\david.romero\RepastSimphony-2.7\eclipse\plugins\repast.simphony.server_2.7.0\bin\..\..\repast.simphony.statecharts.diagram_2.7.0/lib/*;C:\Users\david.romero\RepastSimphony-2.7\eclipse\plugins\repast.simphony.server_2.7.0\bin\..\..\repast.simphony.statecharts.edit_2.7.0/bin;C:\Users\david.romero\RepastSimphony-2.7\eclipse\plugins\repast.simphony.server_2.7.0\bin\..\..\repast.simphony.statecharts.edit_2.7.0/lib/*;C:\Users\david.romero\RepastSimphony-2.7\eclipse\plugins\repast.simphony.server_2.7.0\bin\..\..\repast.simphony.statecharts.generator_2.7.0/bin;C:\Users\david.romero\RepastSimphony-2.7\eclipse\plugins\repast.simphony.server_2.7.0\bin\..\..\repast.simphony.statecharts.generator_2.7.0/lib/*;C:\Users\david.romero\RepastSimphony-2.7\eclipse\plugins\repast.simphony.server_2.7.0\bin\..\..\repast.simphony.statecharts.model_2.7.0/bin;C:\Users\david.romero\RepastSimphony-2.7\eclipse\plugins\repast.simphony.server_2.7.0\bin\..\..\repast.simphony.statecharts.model_2.7.0/lib/*;C:\Users\david.romero\RepastSimphony-2.7\eclipse\plugins\repast.simphony.server_2.7.0\bin\..\..\repast.simphony.statecharts.visualization_2.7.0/bin;C:\Users\david.romero\RepastSimphony-2.7\eclipse\plugins\repast.simphony.server_2.7.0\bin\..\..\repast.simphony.statecharts.visualization_2.7.0/lib/*;C:\Users\david.romero\RepastSimphony-2.7\eclipse\plugins\repast.simphony.server_2.7.0\bin\..\..\repast.simphony.statecharts_2.7.0/bin;C:\Users\david.romero\RepastSimphony-2.7\eclipse\plugins\repast.simphony.server_2.7.0\bin\..\..\repast.simphony.statecharts_2.7.0/lib/*;C:\Users\david.romero\RepastSimphony-2.7\eclipse\plugins\repast.simphony.server_2.7.0\bin\..\..\repast.simphony.userpanel.ui_2.7.0/bin;C:\Users\david.romero\RepastSimphony-2.7\eclipse\plugins\repast.simphony.server_2.7.0\bin\..\..\repast.simphony.userpanel.ui_2.7.0/lib/*;C:\Users\david.romero\RepastSimphony-2.7\eclipse\plugins\repast.simphony.server_2.7.0\bin\..\..\repast.simphony.visualization_2.7.0/bin;C:\Users\david.romero\RepastSimphony-2.7\eclipse\plugins\repast.simphony.server_2.7.0\bin\..\..\repast.simphony.visualization_2.7.0/lib/*;C:\Users\david.romero\RepastSimphony-2.7\eclipse\plugins\repast.simphony.server_2.7.0\bin\..\..\repast.simphony.weka_2.7.0/bin;C:\Users\david.romero\RepastSimphony-2.7\eclipse\plugins\repast.simphony.server_2.7.0\bin\..\..\repast.simphony.weka_2.7.0/lib/*
INFO  [Thread-14] 2020-06-11 15:41:07,011 repast.simphony.ws.RepastWS$MessageHandler - Received Status: {"id": "status", "value": "ready"}
INFO  [pool-1-thread-1] 2020-06-11 15:41:07,025 repast.simphony.ws.OneRunRunner - ORR Received: {"params" : [{"name":"randomSeed","value":"1524814667"},{"name":"students","value":"3200"},{"name":"vehicleUsageRatio","value":"0.3"}]}
INFO  [qtp2061543916-30] 2020-06-11 15:41:07,575 repast.simphony.ws.RepastWS - Server Received {"type":"cmd","value":"init_run"}
INFO  [pool-1-thread-1] 2020-06-11 15:41:08,071 repast.simphony.ws.OneRunRunner - ORR Received: init
INFO  [pool-1-thread-1] 2020-06-11 15:41:08,200 repast.simphony.ws.ChartServerControllerAction - Run Initialize
INFO  [pool-1-thread-1] 2020-06-11 15:41:10,766 repast.simphony.ws.DisplayServerControllerAction - DisplayServerControllerAction.runInitialize()
INFO  [pool-1-thread-1] 2020-06-11 15:41:10,772 repast.simphony.ws.DisplayServerControllerAction - Initializing display : eafit - GIS 3D
INFO  [pool-1-thread-1] 2020-06-11 15:41:10,772 repast.simphony.ws.DisplayServerControllerAction - Found viz type in registry: GIS 3D
INFO  [pool-1-thread-1] 2020-06-11 15:41:10,933 repast.simphony.ws.DisplayServer - DisplayServerGIS.init()
INFO  [Thread-14] 2020-06-11 15:41:11,136 repast.simphony.ws.RepastWS$MessageHandler - Received Status: {"id": "status", "value": "initialized"}
INFO  [qtp2061543916-19] 2020-06-11 15:42:35,093 repast.simphony.ws.RepastWS - Server Received {"type":"cmd","value":"start"}
INFO  [pool-1-thread-1] 2020-06-11 15:42:35,248 repast.simphony.ws.OneRunRunner - ORR Received: start
INFO  [qtp2061543916-21] 2020-06-17 09:20:50,688 repast.simphony.ws.RepastWS - connected
ERROR [AWT-EventQueue-0] 2020-06-17 09:21:57,183 repast.simphony.ui.RSApplication - Error while initializing simulation
java.lang.NullPointerException
	at simulation.SimulationBuilder.readVehicleInOuts(SimulationBuilder.java:266)
	at simulation.SimulationBuilder.build(SimulationBuilder.java:156)
	at repast.simphony.dataLoader.engine.ClassNameContextBuilder.build(ClassNameContextBuilder.java:41)
	at repast.simphony.dataLoader.engine.DataLoaderControllerAction.runInitialize(DataLoaderControllerAction.java:48)
	at repast.simphony.engine.controller.DefaultController$2.visit(DefaultController.java:214)
	at repast.simphony.engine.controller.DefaultController$2.visit(DefaultController.java:1)
	at repast.simphony.util.collections.NaryTree.preOrderTraverals(NaryTree.java:292)
	at repast.simphony.util.collections.NaryTree.preOrderTraverals(NaryTree.java:295)
	at repast.simphony.util.collections.NaryTree.preOrderTraverals(NaryTree.java:295)
	at repast.simphony.util.collections.NaryTree.preOrderTraversal(NaryTree.java:288)
	at repast.simphony.engine.controller.DefaultController.runInitialize(DefaultController.java:212)
	at repast.simphony.engine.controller.DefaultController.runInitialize(DefaultController.java:383)
	at repast.simphony.ui.RSApplication.initSim(RSApplication.java:157)
	at repast.simphony.ui.action.InitRun.actionPerformed(InitRun.java:17)
	at java.desktop/javax.swing.AbstractButton.fireActionPerformed(AbstractButton.java:1967)
	at java.desktop/javax.swing.AbstractButton$Handler.actionPerformed(AbstractButton.java:2308)
	at java.desktop/javax.swing.DefaultButtonModel.fireActionPerformed(DefaultButtonModel.java:405)
	at java.desktop/javax.swing.DefaultButtonModel.setPressed(DefaultButtonModel.java:262)
	at java.desktop/javax.swing.plaf.basic.BasicButtonListener.mouseReleased(BasicButtonListener.java:279)
	at java.desktop/java.awt.AWTEventMulticaster.mouseReleased(AWTEventMulticaster.java:297)
	at java.desktop/java.awt.Component.processMouseEvent(Component.java:6632)
	at java.desktop/javax.swing.JComponent.processMouseEvent(JComponent.java:3342)
	at java.desktop/java.awt.Component.processEvent(Component.java:6397)
	at java.desktop/java.awt.Container.processEvent(Container.java:2263)
	at java.desktop/java.awt.Component.dispatchEventImpl(Component.java:5008)
	at java.desktop/java.awt.Container.dispatchEventImpl(Container.java:2321)
	at java.desktop/java.awt.Component.dispatchEvent(Component.java:4840)
	at java.desktop/java.awt.LightweightDispatcher.retargetMouseEvent(Container.java:4918)
	at java.desktop/java.awt.LightweightDispatcher.processMouseEvent(Container.java:4547)
	at java.desktop/java.awt.LightweightDispatcher.dispatchEvent(Container.java:4488)
	at java.desktop/java.awt.Container.dispatchEventImpl(Container.java:2307)
	at java.desktop/java.awt.Window.dispatchEventImpl(Window.java:2772)
	at java.desktop/java.awt.Component.dispatchEvent(Component.java:4840)
	at java.desktop/java.awt.EventQueue.dispatchEventImpl(EventQueue.java:772)
	at java.desktop/java.awt.EventQueue$4.run(EventQueue.java:721)
	at java.desktop/java.awt.EventQueue$4.run(EventQueue.java:715)
	at java.base/java.security.AccessController.doPrivileged(Native Method)
	at java.base/java.security.ProtectionDomain$JavaSecurityAccessImpl.doIntersectionPrivilege(ProtectionDomain.java:85)
	at java.base/java.security.ProtectionDomain$JavaSecurityAccessImpl.doIntersectionPrivilege(ProtectionDomain.java:95)
	at java.desktop/java.awt.EventQueue$5.run(EventQueue.java:745)
	at java.desktop/java.awt.EventQueue$5.run(EventQueue.java:743)
	at java.base/java.security.AccessController.doPrivileged(Native Method)
	at java.base/java.security.ProtectionDomain$JavaSecurityAccessImpl.doIntersectionPrivilege(ProtectionDomain.java:85)
	at java.desktop/java.awt.EventQueue.dispatchEvent(EventQueue.java:742)
	at java.desktop/java.awt.EventDispatchThread.pumpOneEventForFilters(EventDispatchThread.java:203)
	at java.desktop/java.awt.EventDispatchThread.pumpEventsForFilter(EventDispatchThread.java:124)
	at java.desktop/java.awt.EventDispatchThread.pumpEventsForHierarchy(EventDispatchThread.java:113)
	at java.desktop/java.awt.EventDispatchThread.pumpEvents(EventDispatchThread.java:109)
	at java.desktop/java.awt.EventDispatchThread.pumpEvents(EventDispatchThread.java:101)
	at java.desktop/java.awt.EventDispatchThread.run(EventDispatchThread.java:90)
ERROR [AWT-EventQueue-0] 2020-06-17 09:24:28,764 repast.simphony.ui.RSApplication - Error while initializing simulation
java.lang.NullPointerException
	at simulation.SimulationBuilder.readVehicleInOuts(SimulationBuilder.java:266)
	at simulation.SimulationBuilder.build(SimulationBuilder.java:156)
	at repast.simphony.dataLoader.engine.ClassNameContextBuilder.build(ClassNameContextBuilder.java:41)
	at repast.simphony.dataLoader.engine.DataLoaderControllerAction.runInitialize(DataLoaderControllerAction.java:48)
	at repast.simphony.engine.controller.DefaultController$2.visit(DefaultController.java:214)
	at repast.simphony.engine.controller.DefaultController$2.visit(DefaultController.java:1)
	at repast.simphony.util.collections.NaryTree.preOrderTraverals(NaryTree.java:292)
	at repast.simphony.util.collections.NaryTree.preOrderTraverals(NaryTree.java:295)
	at repast.simphony.util.collections.NaryTree.preOrderTraverals(NaryTree.java:295)
	at repast.simphony.util.collections.NaryTree.preOrderTraversal(NaryTree.java:288)
	at repast.simphony.engine.controller.DefaultController.runInitialize(DefaultController.java:212)
	at repast.simphony.engine.controller.DefaultController.runInitialize(DefaultController.java:383)
	at repast.simphony.ui.RSApplication.initSim(RSApplication.java:157)
	at repast.simphony.ui.action.InitRun.actionPerformed(InitRun.java:17)
	at java.desktop/javax.swing.AbstractButton.fireActionPerformed(AbstractButton.java:1967)
	at java.desktop/javax.swing.AbstractButton$Handler.actionPerformed(AbstractButton.java:2308)
	at java.desktop/javax.swing.DefaultButtonModel.fireActionPerformed(DefaultButtonModel.java:405)
	at java.desktop/javax.swing.DefaultButtonModel.setPressed(DefaultButtonModel.java:262)
	at java.desktop/javax.swing.plaf.basic.BasicButtonListener.mouseReleased(BasicButtonListener.java:279)
	at java.desktop/java.awt.AWTEventMulticaster.mouseReleased(AWTEventMulticaster.java:297)
	at java.desktop/java.awt.Component.processMouseEvent(Component.java:6632)
	at java.desktop/javax.swing.JComponent.processMouseEvent(JComponent.java:3342)
	at java.desktop/java.awt.Component.processEvent(Component.java:6397)
	at java.desktop/java.awt.Container.processEvent(Container.java:2263)
	at java.desktop/java.awt.Component.dispatchEventImpl(Component.java:5008)
	at java.desktop/java.awt.Container.dispatchEventImpl(Container.java:2321)
	at java.desktop/java.awt.Component.dispatchEvent(Component.java:4840)
	at java.desktop/java.awt.LightweightDispatcher.retargetMouseEvent(Container.java:4918)
	at java.desktop/java.awt.LightweightDispatcher.processMouseEvent(Container.java:4547)
	at java.desktop/java.awt.LightweightDispatcher.dispatchEvent(Container.java:4488)
	at java.desktop/java.awt.Container.dispatchEventImpl(Container.java:2307)
	at java.desktop/java.awt.Window.dispatchEventImpl(Window.java:2772)
	at java.desktop/java.awt.Component.dispatchEvent(Component.java:4840)
	at java.desktop/java.awt.EventQueue.dispatchEventImpl(EventQueue.java:772)
	at java.desktop/java.awt.EventQueue$4.run(EventQueue.java:721)
	at java.desktop/java.awt.EventQueue$4.run(EventQueue.java:715)
	at java.base/java.security.AccessController.doPrivileged(Native Method)
	at java.base/java.security.ProtectionDomain$JavaSecurityAccessImpl.doIntersectionPrivilege(ProtectionDomain.java:85)
	at java.base/java.security.ProtectionDomain$JavaSecurityAccessImpl.doIntersectionPrivilege(ProtectionDomain.java:95)
	at java.desktop/java.awt.EventQueue$5.run(EventQueue.java:745)
	at java.desktop/java.awt.EventQueue$5.run(EventQueue.java:743)
	at java.base/java.security.AccessController.doPrivileged(Native Method)
	at java.base/java.security.ProtectionDomain$JavaSecurityAccessImpl.doIntersectionPrivilege(ProtectionDomain.java:85)
	at java.desktop/java.awt.EventQueue.dispatchEvent(EventQueue.java:742)
	at java.desktop/java.awt.EventDispatchThread.pumpOneEventForFilters(EventDispatchThread.java:203)
	at java.desktop/java.awt.EventDispatchThread.pumpEventsForFilter(EventDispatchThread.java:124)
	at java.desktop/java.awt.EventDispatchThread.pumpEventsForHierarchy(EventDispatchThread.java:113)
	at java.desktop/java.awt.EventDispatchThread.pumpEvents(EventDispatchThread.java:109)
	at java.desktop/java.awt.EventDispatchThread.pumpEvents(EventDispatchThread.java:101)
	at java.desktop/java.awt.EventDispatchThread.run(EventDispatchThread.java:90)
