2020-07-02 10:14:37,788 - SimpleLog4JLogSystem initialized using logfile 'velocity.log'
2020-07-02 10:14:37,788 - ************************************************************** 
2020-07-02 10:14:37,788 - Starting Jakarta Velocity v1.4
2020-07-02 10:14:37,788 - RuntimeInstance initializing.
2020-07-02 10:14:37,788 - Default Properties File: org\apache\velocity\runtime\defaults\velocity.properties
2020-07-02 10:14:37,788 - Trying to use logger class org.apache.velocity.runtime.log.SimpleLog4JLogSystem
2020-07-02 10:14:37,788 - Using logger class org.apache.velocity.runtime.log.SimpleLog4JLogSystem
2020-07-02 10:14:37,788 - Default ResourceManager initializing. (class org.apache.velocity.runtime.resource.ResourceManagerImpl)
2020-07-02 10:14:37,788 - Resource Loader Instantiated: org.apache.velocity.runtime.resource.loader.ClasspathResourceLoader
2020-07-02 10:14:37,788 - ClasspathResourceLoader : initialization starting.
2020-07-02 10:14:37,788 - ClasspathResourceLoader : initialization complete.
2020-07-02 10:14:37,788 - ResourceCache : initialized. (class org.apache.velocity.runtime.resource.ResourceCacheImpl)
2020-07-02 10:14:37,788 - Default ResourceManager initialization complete.
2020-07-02 10:14:37,804 - Loaded System Directive: org.apache.velocity.runtime.directive.Literal
2020-07-02 10:14:37,804 - Loaded System Directive: org.apache.velocity.runtime.directive.Macro
2020-07-02 10:14:37,804 - Loaded System Directive: org.apache.velocity.runtime.directive.Parse
2020-07-02 10:14:37,804 - Loaded System Directive: org.apache.velocity.runtime.directive.Include
2020-07-02 10:14:37,804 - Loaded System Directive: org.apache.velocity.runtime.directive.Foreach
2020-07-02 10:14:37,820 - Created: 20 parsers.
2020-07-02 10:14:37,820 - Velocimacro : initialization starting.
2020-07-02 10:14:37,820 - Velocimacro : adding VMs from VM library template : VM_global_library.vm
2020-07-02 10:14:37,820 - ResourceManager : unable to find resource 'VM_global_library.vm' in any resource loader.
2020-07-02 10:14:37,820 - Velocimacro : error using  VM library template VM_global_library.vm : org.apache.velocity.exception.ResourceNotFoundException: Unable to find resource 'VM_global_library.vm'
2020-07-02 10:14:37,820 - Velocimacro :  VM library template macro registration complete.
2020-07-02 10:14:37,820 - Velocimacro : allowInline = true : VMs can be defined inline in templates
2020-07-02 10:14:37,820 - Velocimacro : allowInlineToOverride = false : VMs defined inline may NOT replace previous VM definitions
2020-07-02 10:14:37,820 - Velocimacro : allowInlineLocal = false : VMs defined inline will be  global in scope if allowed.
2020-07-02 10:14:37,820 - Velocimacro : messages on  : VM system will output logging messages
2020-07-02 10:14:37,820 - Velocimacro : autoload off  : VM system will not automatically reload global library macros
2020-07-02 10:14:37,820 - Velocimacro : initialization complete.
2020-07-02 10:14:37,820 - Velocity successfully started.
